{"timestamp": "2026-06-06T01:20:29.549371", "level": "INFO", "logger": "delivery_api", "message": "Starting circuit breaker test", "module": "test_logging", "function": "test_circuit_breaker_scenario", "line": 69}
{"timestamp": "2026-06-06T01:20:29.549664", "level": "INFO", "logger": "delivery_api", "message": "Attempt 1/3 for _make_request", "module": "resilience", "function": "wrapper", "line": 72}
{"timestamp": "2026-06-06T01:20:29.549841", "level": "WARNING", "logger": "delivery_api", "message": "Attempt 1 failed for _make_request: name 'logging' is not defined", "module": "resilience", "function": "wrapper", "line": 79}
{"timestamp": "2026-06-06T01:20:29.550230", "level": "INFO", "logger": "delivery_api", "message": "Waiting 1s before next attempt", "module": "resilience", "function": "wrapper", "line": 83}
{"timestamp": "2026-06-06T01:20:30.550947", "level": "INFO", "logger": "delivery_api", "message": "Attempt 2/3 for _make_request", "module": "resilience", "function": "wrapper", "line": 72}
{"timestamp": "2026-06-06T01:20:30.551168", "level": "WARNING", "logger": "delivery_api", "message": "Attempt 2 failed for _make_request: name 'logging' is not defined", "module": "resilience", "function": "wrapper", "line": 79}
{"timestamp": "2026-06-06T01:20:30.551301", "level": "INFO", "logger": "delivery_api", "message": "Waiting 2s before next attempt", "module": "resilience", "function": "wrapper", "line": 83}
{"timestamp": "2026-06-06T01:20:32.551876", "level": "INFO", "logger": "delivery_api", "message": "Attempt 3/3 for _make_request", "module": "resilience", "function": "wrapper", "line": 72}
{"timestamp": "2026-06-06T01:20:32.552086", "level": "WARNING", "logger": "delivery_api", "message": "Attempt 3 failed for _make_request: name 'logging' is not defined", "module": "resilience", "function": "wrapper", "line": 79}
{"timestamp": "2026-06-06T01:20:32.552240", "level": "ERROR", "logger": "delivery_api", "message": "All 3 attempts failed for _make_request", "module": "resilience", "function": "wrapper", "line": 87}
{"timestamp": "2026-06-06T01:20:33.553268", "level": "INFO", "logger": "delivery_api", "message": "Attempt 1/3 for _make_request", "module": "resilience", "function": "wrapper", "line": 72}
{"timestamp": "2026-06-06T01:20:33.553503", "level": "WARNING", "logger": "delivery_api", "message": "Attempt 1 failed for _make_request: name 'logging' is not defined", "module": "resilience", "function": "wrapper", "line": 79}
{"timestamp": "2026-06-06T01:20:33.553665", "level": "INFO", "logger": "delivery_api", "message": "Waiting 1s before next attempt", "module": "resilience", "function": "wrapper", "line": 83}
{"timestamp": "2026-06-06T01:20:34.554158", "level": "INFO", "logger": "delivery_api", "message": "Attempt 2/3 for _make_request", "module": "resilience", "function": "wrapper", "line": 72}
{"timestamp": "2026-06-06T01:20:34.554359", "level": "WARNING", "logger": "delivery_api", "message": "Attempt 2 failed for _make_request: name 'logging' is not defined", "module": "resilience", "function": "wrapper", "line": 79}
{"timestamp": "2026-06-06T01:20:34.554502", "level": "INFO", "logger": "delivery_api", "message": "Waiting 2s before next attempt", "module": "resilience", "function": "wrapper", "line": 83}
{"timestamp": "2026-06-06T01:20:36.555279", "level": "INFO", "logger": "delivery_api", "message": "Attempt 3/3 for _make_request", "module": "resilience", "function": "wrapper", "line": 72}
{"timestamp": "2026-06-06T01:20:36.555480", "level": "WARNING", "logger": "delivery_api", "message": "Attempt 3 failed for _make_request: name 'logging' is not defined", "module": "resilience", "function": "wrapper", "line": 79}
{"timestamp": "2026-06-06T01:20:36.555634", "level": "ERROR", "logger": "delivery_api", "message": "All 3 attempts failed for _make_request", "module": "resilience", "function": "wrapper", "line": 87}
{"timestamp": "2026-06-06T01:20:37.557040", "level": "INFO", "logger": "delivery_api", "message": "Attempt 1/3 for _make_request", "module": "resilience", "function": "wrapper", "line": 72}
{"timestamp": "2026-06-06T01:20:37.557249", "level": "WARNING", "logger": "delivery_api", "message": "Attempt 1 failed for _make_request: name 'logging' is not defined", "module": "resilience", "function": "wrapper", "line": 79}
{"timestamp": "2026-06-06T01:20:37.557395", "level": "INFO", "logger": "delivery_api", "message": "Waiting 1s before next attempt", "module": "resilience", "function": "wrapper", "line": 83}
{"timestamp": "2026-06-06T01:20:38.558325", "level": "INFO", "logger": "delivery_api", "message": "Attempt 2/3 for _make_request", "module": "resilience", "function": "wrapper", "line": 72}
{"timestamp": "2026-06-06T01:20:38.558546", "level": "WARNING", "logger": "delivery_api", "message": "Attempt 2 failed for _make_request: name 'logging' is not defined", "module": "resilience", "function": "wrapper", "line": 79}
{"timestamp": "2026-06-06T01:20:38.558687", "level": "INFO", "logger": "delivery_api", "message": "Waiting 2s before next attempt", "module": "resilience", "function": "wrapper", "line": 83}
{"timestamp": "2026-06-06T01:20:40.559529", "level": "INFO", "logger": "delivery_api", "message": "Attempt 3/3 for _make_request", "module": "resilience", "function": "wrapper", "line": 72}
{"timestamp": "2026-06-06T01:20:40.559727", "level": "WARNING", "logger": "delivery_api", "message": "Attempt 3 failed for _make_request: name 'logging' is not defined", "module": "resilience", "function": "wrapper", "line": 79}
{"timestamp": "2026-06-06T01:20:40.559880", "level": "ERROR", "logger": "delivery_api", "message": "All 3 attempts failed for _make_request", "module": "resilience", "function": "wrapper", "line": 87}
{"timestamp": "2026-06-06T01:20:40.560015", "level": "ERROR", "logger": "delivery_api", "message": "Circuit dispatcher OPENED after 3 failures", "module": "resilience", "function": "call", "line": 48}
{"timestamp": "2026-06-06T01:20:41.560949", "level": "WARNING", "logger": "delivery_api", "message": "Circuit dispatcher is OPEN, request rejected", "module": "resilience", "function": "call", "line": 27}
{"timestamp": "2026-06-06T01:20:42.561785", "level": "WARNING", "logger": "delivery_api", "message": "Circuit dispatcher is OPEN, request rejected", "module": "resilience", "function": "call", "line": 27}
{"timestamp": "2026-06-06T01:21:41.179874", "level": "INFO", "logger": "delivery_api", "message": "Starting circuit breaker test", "module": "test_logging", "function": "test_circuit_breaker_scenario", "line": 69}
{"timestamp": "2026-06-06T01:21:41.180283", "level": "INFO", "logger": "delivery_api", "message": "Attempt 1/3 for _make_request", "module": "resilience", "function": "wrapper", "line": 72}
{"timestamp": "2026-06-06T01:21:41.180468", "level": "INFO", "logger": "delivery_api", "message": "Making GET request to http://localhost:5001/non-existent-endpoint", "module": "logger_config", "function": "log_with_props", "line": 64, "service": "dispatcher", "endpoint": "/non-existent-endpoint"}
{"timestamp": "2026-06-06T01:21:43.227588", "level": "INFO", "logger": "delivery_api", "message": "Response from http://localhost:5001/non-existent-endpoint: 404", "module": "logger_config", "function": "log_with_props", "line": 64, "service": "dispatcher", "status_code": 404}
{"timestamp": "2026-06-06T01:21:43.227794", "level": "ERROR", "logger": "delivery_api", "message": "HTTP error calling http://localhost:5001/non-existent-endpoint: 404 - <!doctype html>\n<html lang=en>\n<title>404 Not Found</title>\n<h1>Not Found</h1>\n<p>The requested URL was not found on the server. If you entered the URL manually please check your spelling and try again.</p>\n", "module": "api_client", "function": "_make_request", "line": 48}
{"timestamp": "2026-06-06T01:21:43.227940", "level": "WARNING", "logger": "delivery_api", "message": "Attempt 1 failed for _make_request: 404 Client Error: NOT FOUND for url: http://localhost:5001/non-existent-endpoint", "module": "resilience", "function": "wrapper", "line": 79}
{"timestamp": "2026-06-06T01:21:43.228060", "level": "INFO", "logger": "delivery_api", "message": "Waiting 1s before next attempt", "module": "resilience", "function": "wrapper", "line": 83}
{"timestamp": "2026-06-06T01:21:44.228999", "level": "INFO", "logger": "delivery_api", "message": "Attempt 2/3 for _make_request", "module": "resilience", "function": "wrapper", "line": 72}
{"timestamp": "2026-06-06T01:21:44.229197", "level": "INFO", "logger": "delivery_api", "message": "Making GET request to http://localhost:5001/non-existent-endpoint", "module": "logger_config", "function": "log_with_props", "line": 64, "service": "dispatcher", "endpoint": "/non-existent-endpoint"}
{"timestamp": "2026-06-06T01:21:46.273993", "level": "INFO", "logger": "delivery_api", "message": "Response from http://localhost:5001/non-existent-endpoint: 404", "module": "logger_config", "function": "log_with_props", "line": 64, "service": "dispatcher", "status_code": 404}
{"timestamp": "2026-06-06T01:21:46.274176", "level": "ERROR", "logger": "delivery_api", "message": "HTTP error calling http://localhost:5001/non-existent-endpoint: 404 - <!doctype html>\n<html lang=en>\n<title>404 Not Found</title>\n<h1>Not Found</h1>\n<p>The requested URL was not found on the server. If you entered the URL manually please check your spelling and try again.</p>\n", "module": "api_client", "function": "_make_request", "line": 48}
{"timestamp": "2026-06-06T01:21:46.274354", "level": "WARNING", "logger": "delivery_api", "message": "Attempt 2 failed for _make_request: 404 Client Error: NOT FOUND for url: http://localhost:5001/non-existent-endpoint", "module": "resilience", "function": "wrapper", "line": 79}
{"timestamp": "2026-06-06T01:21:46.274455", "level": "INFO", "logger": "delivery_api", "message": "Waiting 2s before next attempt", "module": "resilience", "function": "wrapper", "line": 83}
{"timestamp": "2026-06-06T01:21:48.275158", "level": "INFO", "logger": "delivery_api", "message": "Attempt 3/3 for _make_request", "module": "resilience", "function": "wrapper", "line": 72}
{"timestamp": "2026-06-06T01:21:48.275412", "level": "INFO", "logger": "delivery_api", "message": "Making GET request to http://localhost:5001/non-existent-endpoint", "module": "logger_config", "function": "log_with_props", "line": 64, "service": "dispatcher", "endpoint": "/non-existent-endpoint"}
{"timestamp": "2026-06-06T01:21:50.316372", "level": "INFO", "logger": "delivery_api", "message": "Response from http://localhost:5001/non-existent-endpoint: 404", "module": "logger_config", "function": "log_with_props", "line": 64, "service": "dispatcher", "status_code": 404}
{"timestamp": "2026-06-06T01:21:50.316571", "level": "ERROR", "logger": "delivery_api", "message": "HTTP error calling http://localhost:5001/non-existent-endpoint: 404 - <!doctype html>\n<html lang=en>\n<title>404 Not Found</title>\n<h1>Not Found</h1>\n<p>The requested URL was not found on the server. If you entered the URL manually please check your spelling and try again.</p>\n", "module": "api_client", "function": "_make_request", "line": 48}
{"timestamp": "2026-06-06T01:21:50.316766", "level": "WARNING", "logger": "delivery_api", "message": "Attempt 3 failed for _make_request: 404 Client Error: NOT FOUND for url: http://localhost:5001/non-existent-endpoint", "module": "resilience", "function": "wrapper", "line": 79}
{"timestamp": "2026-06-06T01:21:50.316863", "level": "ERROR", "logger": "delivery_api", "message": "All 3 attempts failed for _make_request", "module": "resilience", "function": "wrapper", "line": 87}
{"timestamp": "2026-06-06T01:21:51.317486", "level": "INFO", "logger": "delivery_api", "message": "Attempt 1/3 for _make_request", "module": "resilience", "function": "wrapper", "line": 72}
{"timestamp": "2026-06-06T01:21:51.317685", "level": "INFO", "logger": "delivery_api", "message": "Making GET request to http://localhost:5001/non-existent-endpoint", "module": "logger_config", "function": "log_with_props", "line": 64, "service": "dispatcher", "endpoint": "/non-existent-endpoint"}
{"timestamp": "2026-06-06T01:21:53.368324", "level": "INFO", "logger": "delivery_api", "message": "Response from http://localhost:5001/non-existent-endpoint: 404", "module": "logger_config", "function": "log_with_props", "line": 64, "service": "dispatcher", "status_code": 404}
{"timestamp": "2026-06-06T01:21:53.368691", "level": "ERROR", "logger": "delivery_api", "message": "HTTP error calling http://localhost:5001/non-existent-endpoint: 404 - <!doctype html>\n<html lang=en>\n<title>404 Not Found</title>\n<h1>Not Found</h1>\n<p>The requested URL was not found on the server. If you entered the URL manually please check your spelling and try again.</p>\n", "module": "api_client", "function": "_make_request", "line": 48}
{"timestamp": "2026-06-06T01:21:53.368901", "level": "WARNING", "logger": "delivery_api", "message": "Attempt 1 failed for _make_request: 404 Client Error: NOT FOUND for url: http://localhost:5001/non-existent-endpoint", "module": "resilience", "function": "wrapper", "line": 79}
{"timestamp": "2026-06-06T01:21:53.369054", "level": "INFO", "logger": "delivery_api", "message": "Waiting 1s before next attempt", "module": "resilience", "function": "wrapper", "line": 83}
{"timestamp": "2026-06-06T01:21:54.369569", "level": "INFO", "logger": "delivery_api", "message": "Attempt 2/3 for _make_request", "module": "resilience", "function": "wrapper", "line": 72}
{"timestamp": "2026-06-06T01:21:54.369769", "level": "INFO", "logger": "delivery_api", "message": "Making GET request to http://localhost:5001/non-existent-endpoint", "module": "logger_config", "function": "log_with_props", "line": 64, "service": "dispatcher", "endpoint": "/non-existent-endpoint"}
{"timestamp": "2026-06-06T01:21:56.407935", "level": "INFO", "logger": "delivery_api", "message": "Response from http://localhost:5001/non-existent-endpoint: 404", "module": "logger_config", "function": "log_with_props", "line": 64, "service": "dispatcher", "status_code": 404}
{"timestamp": "2026-06-06T01:21:56.408166", "level": "ERROR", "logger": "delivery_api", "message": "HTTP error calling http://localhost:5001/non-existent-endpoint: 404 - <!doctype html>\n<html lang=en>\n<title>404 Not Found</title>\n<h1>Not Found</h1>\n<p>The requested URL was not found on the server. If you entered the URL manually please check your spelling and try again.</p>\n", "module": "api_client", "function": "_make_request", "line": 48}
{"timestamp": "2026-06-06T01:21:56.408421", "level": "WARNING", "logger": "delivery_api", "message": "Attempt 2 failed for _make_request: 404 Client Error: NOT FOUND for url: http://localhost:5001/non-existent-endpoint", "module": "resilience", "function": "wrapper", "line": 79}
{"timestamp": "2026-06-06T01:21:56.408546", "level": "INFO", "logger": "delivery_api", "message": "Waiting 2s before next attempt", "module": "resilience", "function": "wrapper", "line": 83}
{"timestamp": "2026-06-06T01:21:58.409271", "level": "INFO", "logger": "delivery_api", "message": "Attempt 3/3 for _make_request", "module": "resilience", "function": "wrapper", "line": 72}
{"timestamp": "2026-06-06T01:21:58.409461", "level": "INFO", "logger": "delivery_api", "message": "Making GET request to http://localhost:5001/non-existent-endpoint", "module": "logger_config", "function": "log_with_props", "line": 64, "service": "dispatcher", "endpoint": "/non-existent-endpoint"}
{"timestamp": "2026-06-06T01:22:00.454540", "level": "INFO", "logger": "delivery_api", "message": "Response from http://localhost:5001/non-existent-endpoint: 404", "module": "logger_config", "function": "log_with_props", "line": 64, "service": "dispatcher", "status_code": 404}
{"timestamp": "2026-06-06T01:22:00.454721", "level": "ERROR", "logger": "delivery_api", "message": "HTTP error calling http://localhost:5001/non-existent-endpoint: 404 - <!doctype html>\n<html lang=en>\n<title>404 Not Found</title>\n<h1>Not Found</h1>\n<p>The requested URL was not found on the server. If you entered the URL manually please check your spelling and try again.</p>\n", "module": "api_client", "function": "_make_request", "line": 48}
{"timestamp": "2026-06-06T01:22:00.454891", "level": "WARNING", "logger": "delivery_api", "message": "Attempt 3 failed for _make_request: 404 Client Error: NOT FOUND for url: http://localhost:5001/non-existent-endpoint", "module": "resilience", "function": "wrapper", "line": 79}
{"timestamp": "2026-06-06T01:22:00.454990", "level": "ERROR", "logger": "delivery_api", "message": "All 3 attempts failed for _make_request", "module": "resilience", "function": "wrapper", "line": 87}
{"timestamp": "2026-06-06T01:22:01.455933", "level": "INFO", "logger": "delivery_api", "message": "Attempt 1/3 for _make_request", "module": "resilience", "function": "wrapper", "line": 72}
{"timestamp": "2026-06-06T01:22:01.456101", "level": "INFO", "logger": "delivery_api", "message": "Making GET request to http://localhost:5001/non-existent-endpoint", "module": "logger_config", "function": "log_with_props", "line": 64, "service": "dispatcher", "endpoint": "/non-existent-endpoint"}
{"timestamp": "2026-06-06T01:22:03.509605", "level": "INFO", "logger": "delivery_api", "message": "Response from http://localhost:5001/non-existent-endpoint: 404", "module": "logger_config", "function": "log_with_props", "line": 64, "service": "dispatcher", "status_code": 404}
{"timestamp": "2026-06-06T01:22:03.509830", "level": "ERROR", "logger": "delivery_api", "message": "HTTP error calling http://localhost:5001/non-existent-endpoint: 404 - <!doctype html>\n<html lang=en>\n<title>404 Not Found</title>\n<h1>Not Found</h1>\n<p>The requested URL was not found on the server. If you entered the URL manually please check your spelling and try again.</p>\n", "module": "api_client", "function": "_make_request", "line": 48}
{"timestamp": "2026-06-06T01:22:03.510003", "level": "WARNING", "logger": "delivery_api", "message": "Attempt 1 failed for _make_request: 404 Client Error: NOT FOUND for url: http://localhost:5001/non-existent-endpoint", "module": "resilience", "function": "wrapper", "line": 79}
{"timestamp": "2026-06-06T01:22:03.510112", "level": "INFO", "logger": "delivery_api", "message": "Waiting 1s before next attempt", "module": "resilience", "function": "wrapper", "line": 83}
{"timestamp": "2026-06-06T01:22:23.031503", "level": "INFO", "logger": "delivery_api", "message": "Starting circuit breaker test", "module": "test_logging", "function": "test_circuit_breaker_scenario", "line": 69}
{"timestamp": "2026-06-06T01:22:23.031749", "level": "INFO", "logger": "delivery_api", "message": "Attempt 1/3 for _make_request", "module": "resilience", "function": "wrapper", "line": 72}
{"timestamp": "2026-06-06T01:22:23.031894", "level": "INFO", "logger": "delivery_api", "message": "Making GET request to http://localhost:5001/non-existent-endpoint", "module": "logger_config", "function": "log_with_props", "line": 64, "service": "dispatcher", "endpoint": "/non-existent-endpoint"}
{"timestamp": "2026-06-06T01:22:25.095697", "level": "INFO", "logger": "delivery_api", "message": "Response from http://localhost:5001/non-existent-endpoint: 404", "module": "logger_config", "function": "log_with_props", "line": 64, "service": "dispatcher", "status_code": 404}
{"timestamp": "2026-06-06T01:22:25.095940", "level": "ERROR", "logger": "delivery_api", "message": "HTTP error calling http://localhost:5001/non-existent-endpoint: 404 - <!doctype html>\n<html lang=en>\n<title>404 Not Found</title>\n<h1>Not Found</h1>\n<p>The requested URL was not found on the server. If you entered the URL manually please check your spelling and try again.</p>\n", "module": "api_client", "function": "_make_request", "line": 48}
{"timestamp": "2026-06-06T01:22:25.096092", "level": "WARNING", "logger": "delivery_api", "message": "Attempt 1 failed for _make_request: 404 Client Error: NOT FOUND for url: http://localhost:5001/non-existent-endpoint", "module": "resilience", "function": "wrapper", "line": 79}
{"timestamp": "2026-06-06T01:22:25.096220", "level": "INFO", "logger": "delivery_api", "message": "Waiting 1s before next attempt", "module": "resilience", "function": "wrapper", "line": 83}
{"timestamp": "2026-06-06T01:22:26.096772", "level": "INFO", "logger": "delivery_api", "message": "Attempt 2/3 for _make_request", "module": "resilience", "function": "wrapper", "line": 72}
{"timestamp": "2026-06-06T01:22:26.096964", "level": "INFO", "logger": "delivery_api", "message": "Making GET request to http://localhost:5001/non-existent-endpoint", "module": "logger_config", "function": "log_with_props", "line": 64, "service": "dispatcher", "endpoint": "/non-existent-endpoint"}
{"timestamp": "2026-06-06T01:22:28.153738", "level": "INFO", "logger": "delivery_api", "message": "Response from http://localhost:5001/non-existent-endpoint: 404", "module": "logger_config", "function": "log_with_props", "line": 64, "service": "dispatcher", "status_code": 404}
{"timestamp": "2026-06-06T01:22:28.153933", "level": "ERROR", "logger": "delivery_api", "message": "HTTP error calling http://localhost:5001/non-existent-endpoint: 404 - <!doctype html>\n<html lang=en>\n<title>404 Not Found</title>\n<h1>Not Found</h1>\n<p>The requested URL was not found on the server. If you entered the URL manually please check your spelling and try again.</p>\n", "module": "api_client", "function": "_make_request", "line": 48}
{"timestamp": "2026-06-06T01:22:28.154127", "level": "WARNING", "logger": "delivery_api", "message": "Attempt 2 failed for _make_request: 404 Client Error: NOT FOUND for url: http://localhost:5001/non-existent-endpoint", "module": "resilience", "function": "wrapper", "line": 79}
{"timestamp": "2026-06-06T01:22:28.154231", "level": "INFO", "logger": "delivery_api", "message": "Waiting 2s before next attempt", "module": "resilience", "function": "wrapper", "line": 83}
{"timestamp": "2026-06-06T01:22:30.154823", "level": "INFO", "logger": "delivery_api", "message": "Attempt 3/3 for _make_request", "module": "resilience", "function": "wrapper", "line": 72}
{"timestamp": "2026-06-06T01:22:30.155049", "level": "INFO", "logger": "delivery_api", "message": "Making GET request to http://localhost:5001/non-existent-endpoint", "module": "logger_config", "function": "log_with_props", "line": 64, "service": "dispatcher", "endpoint": "/non-existent-endpoint"}
{"timestamp": "2026-06-06T01:22:32.203039", "level": "INFO", "logger": "delivery_api", "message": "Response from http://localhost:5001/non-existent-endpoint: 404", "module": "logger_config", "function": "log_with_props", "line": 64, "service": "dispatcher", "status_code": 404}
{"timestamp": "2026-06-06T01:22:32.203262", "level": "ERROR", "logger": "delivery_api", "message": "HTTP error calling http://localhost:5001/non-existent-endpoint: 404 - <!doctype html>\n<html lang=en>\n<title>404 Not Found</title>\n<h1>Not Found</h1>\n<p>The requested URL was not found on the server. If you entered the URL manually please check your spelling and try again.</p>\n", "module": "api_client", "function": "_make_request", "line": 48}
{"timestamp": "2026-06-06T01:22:32.203526", "level": "WARNING", "logger": "delivery_api", "message": "Attempt 3 failed for _make_request: 404 Client Error: NOT FOUND for url: http://localhost:5001/non-existent-endpoint", "module": "resilience", "function": "wrapper", "line": 79}
{"timestamp": "2026-06-06T01:22:32.203644", "level": "ERROR", "logger": "delivery_api", "message": "All 3 attempts failed for _make_request", "module": "resilience", "function": "wrapper", "line": 87}
{"timestamp": "2026-06-06T01:22:33.204990", "level": "INFO", "logger": "delivery_api", "message": "Attempt 1/3 for _make_request", "module": "resilience", "function": "wrapper", "line": 72}
{"timestamp": "2026-06-06T01:22:33.205192", "level": "INFO", "logger": "delivery_api", "message": "Making GET request to http://localhost:5001/non-existent-endpoint", "module": "logger_config", "function": "log_with_props", "line": 64, "service": "dispatcher", "endpoint": "/non-existent-endpoint"}
{"timestamp": "2026-06-06T01:22:35.275536", "level": "INFO", "logger": "delivery_api", "message": "Response from http://localhost:5001/non-existent-endpoint: 404", "module": "logger_config", "function": "log_with_props", "line": 64, "service": "dispatcher", "status_code": 404}
{"timestamp": "2026-06-06T01:22:35.275788", "level": "ERROR", "logger": "delivery_api", "message": "HTTP error calling http://localhost:5001/non-existent-endpoint: 404 - <!doctype html>\n<html lang=en>\n<title>404 Not Found</title>\n<h1>Not Found</h1>\n<p>The requested URL was not found on the server. If you entered the URL manually please check your spelling and try again.</p>\n", "module": "api_client", "function": "_make_request", "line": 48}
{"timestamp": "2026-06-06T01:22:35.275975", "level": "WARNING", "logger": "delivery_api", "message": "Attempt 1 failed for _make_request: 404 Client Error: NOT FOUND for url: http://localhost:5001/non-existent-endpoint", "module": "resilience", "function": "wrapper", "line": 79}
{"timestamp": "2026-06-06T01:22:35.276072", "level": "INFO", "logger": "delivery_api", "message": "Waiting 1s before next attempt", "module": "resilience", "function": "wrapper", "line": 83}
{"timestamp": "2026-06-06T01:22:36.276472", "level": "INFO", "logger": "delivery_api", "message": "Attempt 2/3 for _make_request", "module": "resilience", "function": "wrapper", "line": 72}
{"timestamp": "2026-06-06T01:22:36.276664", "level": "INFO", "logger": "delivery_api", "message": "Making GET request to http://localhost:5001/non-existent-endpoint", "module": "logger_config", "function": "log_with_props", "line": 64, "service": "dispatcher", "endpoint": "/non-existent-endpoint"}
{"timestamp": "2026-06-06T01:22:38.320586", "level": "INFO", "logger": "delivery_api", "message": "Response from http://localhost:5001/non-existent-endpoint: 404", "module": "logger_config", "function": "log_with_props", "line": 64, "service": "dispatcher", "status_code": 404}
{"timestamp": "2026-06-06T01:22:38.320783", "level": "ERROR", "logger": "delivery_api", "message": "HTTP error calling http://localhost:5001/non-existent-endpoint: 404 - <!doctype html>\n<html lang=en>\n<title>404 Not Found</title>\n<h1>Not Found</h1>\n<p>The requested URL was not found on the server. If you entered the URL manually please check your spelling and try again.</p>\n", "module": "api_client", "function": "_make_request", "line": 48}
{"timestamp": "2026-06-06T01:22:38.321035", "level": "WARNING", "logger": "delivery_api", "message": "Attempt 2 failed for _make_request: 404 Client Error: NOT FOUND for url: http://localhost:5001/non-existent-endpoint", "module": "resilience", "function": "wrapper", "line": 79}
{"timestamp": "2026-06-06T01:22:38.321142", "level": "INFO", "logger": "delivery_api", "message": "Waiting 2s before next attempt", "module": "resilience", "function": "wrapper", "line": 83}
{"timestamp": "2026-06-06T01:22:40.321870", "level": "INFO", "logger": "delivery_api", "message": "Attempt 3/3 for _make_request", "module": "resilience", "function": "wrapper", "line": 72}
{"timestamp": "2026-06-06T01:22:40.322071", "level": "INFO", "logger": "delivery_api", "message": "Making GET request to http://localhost:5001/non-existent-endpoint", "module": "logger_config", "function": "log_with_props", "line": 64, "service": "dispatcher", "endpoint": "/non-existent-endpoint"}
{"timestamp": "2026-06-06T01:22:42.373875", "level": "INFO", "logger": "delivery_api", "message": "Response from http://localhost:5001/non-existent-endpoint: 404", "module": "logger_config", "function": "log_with_props", "line": 64, "service": "dispatcher", "status_code": 404}
{"timestamp": "2026-06-06T01:22:42.374172", "level": "ERROR", "logger": "delivery_api", "message": "HTTP error calling http://localhost:5001/non-existent-endpoint: 404 - <!doctype html>\n<html lang=en>\n<title>404 Not Found</title>\n<h1>Not Found</h1>\n<p>The requested URL was not found on the server. If you entered the URL manually please check your spelling and try again.</p>\n", "module": "api_client", "function": "_make_request", "line": 48}
{"timestamp": "2026-06-06T01:22:42.374508", "level": "WARNING", "logger": "delivery_api", "message": "Attempt 3 failed for _make_request: 404 Client Error: NOT FOUND for url: http://localhost:5001/non-existent-endpoint", "module": "resilience", "function": "wrapper", "line": 79}
{"timestamp": "2026-06-06T01:22:42.374631", "level": "ERROR", "logger": "delivery_api", "message": "All 3 attempts failed for _make_request", "module": "resilience", "function": "wrapper", "line": 87}
{"timestamp": "2026-06-06T01:22:43.376059", "level": "INFO", "logger": "delivery_api", "message": "Attempt 1/3 for _make_request", "module": "resilience", "function": "wrapper", "line": 72}
{"timestamp": "2026-06-06T01:22:43.376260", "level": "INFO", "logger": "delivery_api", "message": "Making GET request to http://localhost:5001/non-existent-endpoint", "module": "logger_config", "function": "log_with_props", "line": 64, "service": "dispatcher", "endpoint": "/non-existent-endpoint"}
{"timestamp": "2026-06-06T01:22:45.431629", "level": "INFO", "logger": "delivery_api", "message": "Response from http://localhost:5001/non-existent-endpoint: 404", "module": "logger_config", "function": "log_with_props", "line": 64, "service": "dispatcher", "status_code": 404}
{"timestamp": "2026-06-06T01:22:45.431809", "level": "ERROR", "logger": "delivery_api", "message": "HTTP error calling http://localhost:5001/non-existent-endpoint: 404 - <!doctype html>\n<html lang=en>\n<title>404 Not Found</title>\n<h1>Not Found</h1>\n<p>The requested URL was not found on the server. If you entered the URL manually please check your spelling and try again.</p>\n", "module": "api_client", "function": "_make_request", "line": 48}
{"timestamp": "2026-06-06T01:22:45.431942", "level": "WARNING", "logger": "delivery_api", "message": "Attempt 1 failed for _make_request: 404 Client Error: NOT FOUND for url: http://localhost:5001/non-existent-endpoint", "module": "resilience", "function": "wrapper", "line": 79}
{"timestamp": "2026-06-06T01:22:45.432052", "level": "INFO", "logger": "delivery_api", "message": "Waiting 1s before next attempt", "module": "resilience", "function": "wrapper", "line": 83}
{"timestamp": "2026-06-06T01:22:46.432565", "level": "INFO", "logger": "delivery_api", "message": "Attempt 2/3 for _make_request", "module": "resilience", "function": "wrapper", "line": 72}
{"timestamp": "2026-06-06T01:22:46.432758", "level": "INFO", "logger": "delivery_api", "message": "Making GET request to http://localhost:5001/non-existent-endpoint", "module": "logger_config", "function": "log_with_props", "line": 64, "service": "dispatcher", "endpoint": "/non-existent-endpoint"}
{"timestamp": "2026-06-06T01:22:48.485976", "level": "INFO", "logger": "delivery_api", "message": "Response from http://localhost:5001/non-existent-endpoint: 404", "module": "logger_config", "function": "log_with_props", "line": 64, "service": "dispatcher", "status_code": 404}
{"timestamp": "2026-06-06T01:22:48.486180", "level": "ERROR", "logger": "delivery_api", "message": "HTTP error calling http://localhost:5001/non-existent-endpoint: 404 - <!doctype html>\n<html lang=en>\n<title>404 Not Found</title>\n<h1>Not Found</h1>\n<p>The requested URL was not found on the server. If you entered the URL manually please check your spelling and try again.</p>\n", "module": "api_client", "function": "_make_request", "line": 48}
{"timestamp": "2026-06-06T01:22:48.486383", "level": "WARNING", "logger": "delivery_api", "message": "Attempt 2 failed for _make_request: 404 Client Error: NOT FOUND for url: http://localhost:5001/non-existent-endpoint", "module": "resilience", "function": "wrapper", "line": 79}
{"timestamp": "2026-06-06T01:22:48.486497", "level": "INFO", "logger": "delivery_api", "message": "Waiting 2s before next attempt", "module": "resilience", "function": "wrapper", "line": 83}
{"timestamp": "2026-06-06T01:22:50.487471", "level": "INFO", "logger": "delivery_api", "message": "Attempt 3/3 for _make_request", "module": "resilience", "function": "wrapper", "line": 72}
{"timestamp": "2026-06-06T01:22:50.487687", "level": "INFO", "logger": "delivery_api", "message": "Making GET request to http://localhost:5001/non-existent-endpoint", "module": "logger_config", "function": "log_with_props", "line": 64, "service": "dispatcher", "endpoint": "/non-existent-endpoint"}
{"timestamp": "2026-06-06T01:22:52.530844", "level": "INFO", "logger": "delivery_api", "message": "Response from http://localhost:5001/non-existent-endpoint: 404", "module": "logger_config", "function": "log_with_props", "line": 64, "service": "dispatcher", "status_code": 404}
{"timestamp": "2026-06-06T01:22:52.531273", "level": "ERROR", "logger": "delivery_api", "message": "HTTP error calling http://localhost:5001/non-existent-endpoint: 404 - <!doctype html>\n<html lang=en>\n<title>404 Not Found</title>\n<h1>Not Found</h1>\n<p>The requested URL was not found on the server. If you entered the URL manually please check your spelling and try again.</p>\n", "module": "api_client", "function": "_make_request", "line": 48}
{"timestamp": "2026-06-06T01:22:52.531869", "level": "WARNING", "logger": "delivery_api", "message": "Attempt 3 failed for _make_request: 404 Client Error: NOT FOUND for url: http://localhost:5001/non-existent-endpoint", "module": "resilience", "function": "wrapper", "line": 79}
{"timestamp": "2026-06-06T01:22:52.532042", "level": "ERROR", "logger": "delivery_api", "message": "All 3 attempts failed for _make_request", "module": "resilience", "function": "wrapper", "line": 87}
{"timestamp": "2026-06-06T01:22:52.532226", "level": "ERROR", "logger": "delivery_api", "message": "Circuit dispatcher OPENED after 3 failures", "module": "resilience", "function": "call", "line": 48}
{"timestamp": "2026-06-06T01:22:53.533715", "level": "WARNING", "logger": "delivery_api", "message": "Circuit dispatcher is OPEN, request rejected", "module": "resilience", "function": "call", "line": 27}
{"timestamp": "2026-06-06T01:22:54.534715", "level": "WARNING", "logger": "delivery_api", "message": "Circuit dispatcher is OPEN, request rejected", "module": "resilience", "function": "call", "line": 27}
