{"timestamp": "2026-06-06T01:18:39.852859", "level": "INFO", "logger": "delivery_app", "message": "Listing all couriers", "module": "module_a_dispatcher", "function": "list_couriers", "line": 112}
{"timestamp": "2026-06-06T01:18:39.856181", "level": "INFO", "logger": "delivery_app", "message": "Returned 3 couriers", "module": "module_a_dispatcher", "function": "list_couriers", "line": 124}
{"timestamp": "2026-06-06T01:18:47.697836", "level": "INFO", "logger": "delivery_app", "message": "Listing all couriers", "module": "module_a_dispatcher", "function": "list_couriers", "line": 112}
{"timestamp": "2026-06-06T01:18:47.699275", "level": "INFO", "logger": "delivery_app", "message": "Returned 3 couriers", "module": "module_a_dispatcher", "function": "list_couriers", "line": 124}
{"timestamp": "2026-06-06T01:18:58.845140", "level": "INFO", "logger": "delivery_app", "message": "Listing all couriers", "module": "module_a_dispatcher", "function": "list_couriers", "line": 112}
{"timestamp": "2026-06-06T01:18:58.847511", "level": "INFO", "logger": "delivery_app", "message": "Returned 3 couriers", "module": "module_a_dispatcher", "function": "list_couriers", "line": 124}
{"timestamp": "2026-06-06T01:19:08.529926", "level": "INFO", "logger": "delivery_app", "message": "Listing all couriers", "module": "module_a_dispatcher", "function": "list_couriers", "line": 112}
{"timestamp": "2026-06-06T01:19:08.530929", "level": "INFO", "logger": "delivery_app", "message": "Returned 3 couriers", "module": "module_a_dispatcher", "function": "list_couriers", "line": 124}
{"timestamp": "2026-06-06T01:19:18.836046", "level": "INFO", "logger": "delivery_app", "message": "Listing all couriers", "module": "module_a_dispatcher", "function": "list_couriers", "line": 112}
{"timestamp": "2026-06-06T01:19:18.837746", "level": "INFO", "logger": "delivery_app", "message": "Returned 3 couriers", "module": "module_a_dispatcher", "function": "list_couriers", "line": 124}
{"timestamp": "2026-06-06T01:19:28.540462", "level": "INFO", "logger": "delivery_app", "message": "Listing all couriers", "module": "module_a_dispatcher", "function": "list_couriers", "line": 112}
{"timestamp": "2026-06-06T01:19:28.541403", "level": "INFO", "logger": "delivery_app", "message": "Returned 3 couriers", "module": "module_a_dispatcher", "function": "list_couriers", "line": 124}
{"timestamp": "2026-06-06T01:19:38.844514", "level": "INFO", "logger": "delivery_app", "message": "Listing all couriers", "module": "module_a_dispatcher", "function": "list_couriers", "line": 112}
{"timestamp": "2026-06-06T01:19:38.846409", "level": "INFO", "logger": "delivery_app", "message": "Returned 3 couriers", "module": "module_a_dispatcher", "function": "list_couriers", "line": 124}
{"timestamp": "2026-06-06T01:19:48.548657", "level": "INFO", "logger": "delivery_app", "message": "Listing all couriers", "module": "module_a_dispatcher", "function": "list_couriers", "line": 112}
{"timestamp": "2026-06-06T01:19:48.549593", "level": "INFO", "logger": "delivery_app", "message": "Returned 3 couriers", "module": "module_a_dispatcher", "function": "list_couriers", "line": 124}
{"timestamp": "2026-06-06T01:19:58.890658", "level": "INFO", "logger": "delivery_app", "message": "Listing all couriers", "module": "module_a_dispatcher", "function": "list_couriers", "line": 112}
{"timestamp": "2026-06-06T01:19:58.892735", "level": "INFO", "logger": "delivery_app", "message": "Returned 3 couriers", "module": "module_a_dispatcher", "function": "list_couriers", "line": 124}
{"timestamp": "2026-06-06T01:20:08.537056", "level": "INFO", "logger": "delivery_app", "message": "Listing all couriers", "module": "module_a_dispatcher", "function": "list_couriers", "line": 112}
{"timestamp": "2026-06-06T01:20:08.538091", "level": "INFO", "logger": "delivery_app", "message": "Returned 3 couriers", "module": "module_a_dispatcher", "function": "list_couriers", "line": 124}
{"timestamp": "2026-06-06T01:20:18.855155", "level": "INFO", "logger": "delivery_app", "message": "Listing all couriers", "module": "module_a_dispatcher", "function": "list_couriers", "line": 112}
{"timestamp": "2026-06-06T01:20:18.856092", "level": "INFO", "logger": "delivery_app", "message": "Returned 3 couriers", "module": "module_a_dispatcher", "function": "list_couriers", "line": 124}
{"timestamp": "2026-06-06T01:20:21.305854", "level": "INFO", "logger": "delivery_app", "message": "Starting success scenario test", "module": "test_logging", "function": "test_success_scenario", "line": 12}
{"timestamp": "2026-06-06T01:20:23.349811", "level": "INFO", "logger": "delivery_app", "message": "Assign delivery request received", "module": "logger_config", "function": "log_with_props", "line": 64, "request_id": "c013bde9", "order_id": "LOG-TEST-001", "address": "Moscow"}
{"timestamp": "2026-06-06T01:20:23.359141", "level": "INFO", "logger": "delivery_app", "message": "Delivery assigned successfully", "module": "logger_config", "function": "log_with_props", "line": 64, "request_id": "c013bde9", "task_id": "d4561815", "courier_id": "courier_3", "courier_name": "Sidor"}
{"timestamp": "2026-06-06T01:20:23.360665", "level": "INFO", "logger": "delivery_app", "message": "Delivery created: d4561815", "module": "test_logging", "function": "test_success_scenario", "line": 23}
{"timestamp": "2026-06-06T01:20:27.500627", "level": "INFO", "logger": "delivery_app", "message": "Success scenario completed", "module": "test_logging", "function": "test_success_scenario", "line": 47}
{"timestamp": "2026-06-06T01:20:27.501297", "level": "WARNING", "logger": "delivery_app", "message": "Starting error scenario test", "module": "test_logging", "function": "test_error_scenario", "line": 54}
{"timestamp": "2026-06-06T01:20:27.712244", "level": "INFO", "logger": "delivery_app", "message": "Listing all couriers", "module": "module_a_dispatcher", "function": "list_couriers", "line": 112}
{"timestamp": "2026-06-06T01:20:27.713251", "level": "INFO", "logger": "delivery_app", "message": "Returned 3 couriers", "module": "module_a_dispatcher", "function": "list_couriers", "line": 124}
{"timestamp": "2026-06-06T01:20:38.851218", "level": "INFO", "logger": "delivery_app", "message": "Listing all couriers", "module": "module_a_dispatcher", "function": "list_couriers", "line": 112}
{"timestamp": "2026-06-06T01:20:38.852268", "level": "INFO", "logger": "delivery_app", "message": "Returned 3 couriers", "module": "module_a_dispatcher", "function": "list_couriers", "line": 124}
{"timestamp": "2026-06-06T01:20:48.543574", "level": "INFO", "logger": "delivery_app", "message": "Listing all couriers", "module": "module_a_dispatcher", "function": "list_couriers", "line": 112}
{"timestamp": "2026-06-06T01:20:48.544760", "level": "INFO", "logger": "delivery_app", "message": "Returned 3 couriers", "module": "module_a_dispatcher", "function": "list_couriers", "line": 124}
{"timestamp": "2026-06-06T01:20:58.862295", "level": "INFO", "logger": "delivery_app", "message": "Listing all couriers", "module": "module_a_dispatcher", "function": "list_couriers", "line": 112}
{"timestamp": "2026-06-06T01:20:58.863950", "level": "INFO", "logger": "delivery_app", "message": "Returned 3 couriers", "module": "module_a_dispatcher", "function": "list_couriers", "line": 124}
{"timestamp": "2026-06-06T01:21:04.865456", "level": "INFO", "logger": "delivery_app", "message": "Listing all couriers", "module": "module_a_dispatcher", "function": "list_couriers", "line": 112}
{"timestamp": "2026-06-06T01:21:04.867072", "level": "INFO", "logger": "delivery_app", "message": "Returned 3 couriers", "module": "module_a_dispatcher", "function": "list_couriers", "line": 124}
{"timestamp": "2026-06-06T01:21:15.864051", "level": "INFO", "logger": "delivery_app", "message": "Listing all couriers", "module": "module_a_dispatcher", "function": "list_couriers", "line": 112}
{"timestamp": "2026-06-06T01:21:15.868551", "level": "INFO", "logger": "delivery_app", "message": "Returned 3 couriers", "module": "module_a_dispatcher", "function": "list_couriers", "line": 124}
{"timestamp": "2026-06-06T01:21:25.555927", "level": "INFO", "logger": "delivery_app", "message": "Listing all couriers", "module": "module_a_dispatcher", "function": "list_couriers", "line": 112}
{"timestamp": "2026-06-06T01:21:25.557361", "level": "INFO", "logger": "delivery_app", "message": "Returned 3 couriers", "module": "module_a_dispatcher", "function": "list_couriers", "line": 124}
{"timestamp": "2026-06-06T01:21:35.863172", "level": "INFO", "logger": "delivery_app", "message": "Listing all couriers", "module": "module_a_dispatcher", "function": "list_couriers", "line": 112}
{"timestamp": "2026-06-06T01:21:35.864737", "level": "INFO", "logger": "delivery_app", "message": "Returned 3 couriers", "module": "module_a_dispatcher", "function": "list_couriers", "line": 124}
{"timestamp": "2026-06-06T01:21:37.068130", "level": "INFO", "logger": "delivery_app", "message": "Starting success scenario test", "module": "test_logging", "function": "test_success_scenario", "line": 12}
{"timestamp": "2026-06-06T01:21:39.125126", "level": "INFO", "logger": "delivery_app", "message": "Assign delivery request received", "module": "logger_config", "function": "log_with_props", "line": 64, "request_id": "36f72fde", "order_id": "LOG-TEST-001", "address": "Moscow"}
{"timestamp": "2026-06-06T01:21:39.127220", "level": "WARNING", "logger": "delivery_app", "message": "No available couriers for order LOG-TEST-001", "module": "module_a_dispatcher", "function": "assign_delivery", "line": 42}
{"timestamp": "2026-06-06T01:21:39.128291", "level": "INFO", "logger": "delivery_app", "message": "Success scenario completed", "module": "test_logging", "function": "test_success_scenario", "line": 47}
{"timestamp": "2026-06-06T01:21:39.128595", "level": "WARNING", "logger": "delivery_app", "message": "Starting error scenario test", "module": "test_logging", "function": "test_error_scenario", "line": 54}
{"timestamp": "2026-06-06T01:21:45.870083", "level": "INFO", "logger": "delivery_app", "message": "Listing all couriers", "module": "module_a_dispatcher", "function": "list_couriers", "line": 112}
{"timestamp": "2026-06-06T01:21:45.874028", "level": "INFO", "logger": "delivery_app", "message": "Returned 3 couriers", "module": "module_a_dispatcher", "function": "list_couriers", "line": 124}
{"timestamp": "2026-06-06T01:21:55.562445", "level": "INFO", "logger": "delivery_app", "message": "Listing all couriers", "module": "module_a_dispatcher", "function": "list_couriers", "line": 112}
{"timestamp": "2026-06-06T01:21:55.563676", "level": "INFO", "logger": "delivery_app", "message": "Returned 3 couriers", "module": "module_a_dispatcher", "function": "list_couriers", "line": 124}
{"timestamp": "2026-06-06T01:22:05.868716", "level": "INFO", "logger": "delivery_app", "message": "Listing all couriers", "module": "module_a_dispatcher", "function": "list_couriers", "line": 112}
{"timestamp": "2026-06-06T01:22:05.870511", "level": "INFO", "logger": "delivery_app", "message": "Returned 3 couriers", "module": "module_a_dispatcher", "function": "list_couriers", "line": 124}
{"timestamp": "2026-06-06T01:22:18.946431", "level": "INFO", "logger": "delivery_app", "message": "Starting success scenario test", "module": "test_logging", "function": "test_success_scenario", "line": 12}
{"timestamp": "2026-06-06T01:22:20.992044", "level": "INFO", "logger": "delivery_app", "message": "Assign delivery request received", "module": "logger_config", "function": "log_with_props", "line": 64, "request_id": "6212ed70", "order_id": "LOG-TEST-001", "address": "Moscow"}
{"timestamp": "2026-06-06T01:22:20.993718", "level": "WARNING", "logger": "delivery_app", "message": "No available couriers for order LOG-TEST-001", "module": "module_a_dispatcher", "function": "assign_delivery", "line": 42}
{"timestamp": "2026-06-06T01:22:20.994795", "level": "INFO", "logger": "delivery_app", "message": "Success scenario completed", "module": "test_logging", "function": "test_success_scenario", "line": 47}
{"timestamp": "2026-06-06T01:22:20.995091", "level": "WARNING", "logger": "delivery_app", "message": "Starting error scenario test", "module": "test_logging", "function": "test_error_scenario", "line": 54}
{"timestamp": "2026-06-06T01:22:25.433803", "level": "INFO", "logger": "delivery_app", "message": "Listing all couriers", "module": "module_a_dispatcher", "function": "list_couriers", "line": 112}
{"timestamp": "2026-06-06T01:22:25.435099", "level": "INFO", "logger": "delivery_app", "message": "Returned 3 couriers", "module": "module_a_dispatcher", "function": "list_couriers", "line": 124}
